{"level":"info","message":"Hello from Acquisitions!","service":"acquisitions-api"}
{"level":"info","message":"::1 - - [29/Dec/2025:12:12:34 +0000] \"GET / HTTP/1.1\" 304 - \"-\" \"Mozilla/5.0 (Windows NT 10.0; Win64; x64) AppleWebKit/537.36 (KHTML, like Gecko) Chrome/143.0.0.0 Safari/537.36 Edg/143.0.0.0\"","service":"acquisitions-api"}
{"level":"info","message":"Hello from Acquisitions!","service":"acquisitions-api"}
{"level":"info","message":"::1 - - [29/Dec/2025:12:21:31 +0000] \"GET / HTTP/1.1\" 304 - \"-\" \"Mozilla/5.0 (Windows NT 10.0; Win64; x64) AppleWebKit/537.36 (KHTML, like Gecko) Chrome/143.0.0.0 Safari/537.36 Edg/143.0.0.0\"","service":"acquisitions-api"}
{"level":"info","message":"Hello from Acquisitions!","service":"acquisitions-api"}
{"level":"info","message":"::1 - - [29/Dec/2025:12:25:10 +0000] \"GET / HTTP/1.1\" 200 24 \"-\" \"HTTPie\"","service":"acquisitions-api"}
{"level":"info","message":"::1 - - [29/Dec/2025:12:25:28 +0000] \"GET /api HTTP/1.1\" 200 42 \"-\" \"HTTPie\"","service":"acquisitions-api"}
{"level":"info","message":"::1 - - [29/Dec/2025:12:25:50 +0000] \"GET /health HTTP/1.1\" 200 75 \"-\" \"HTTPie\"","service":"acquisitions-api"}
{"level":"info","message":"::1 - - [29/Dec/2025:12:26:22 +0000] \"POST /api/auth/sign-in HTTP/1.1\" 200 31 \"-\" \"HTTPie\"","service":"acquisitions-api"}
{"level":"info","message":"::1 - - [29/Dec/2025:13:01:00 +0000] \"POST /api/auth/sign-in HTTP/1.1\" 200 31 \"-\" \"HTTPie\"","service":"acquisitions-api"}
{"level":"info","message":"::1 - - [29/Dec/2025:13:01:10 +0000] \"POST /api/auth/sign-up HTTP/1.1\" 200 31 \"-\" \"HTTPie\"","service":"acquisitions-api"}
{"level":"info","message":"::1 - - [29/Dec/2025:13:01:13 +0000] \"POST /api/auth/sign-up HTTP/1.1\" 200 31 \"-\" \"HTTPie\"","service":"acquisitions-api"}
{"level":"info","message":"::1 - - [29/Dec/2025:13:05:02 +0000] \"POST /api/auth/sign-up HTTP/1.1\" 400 92 \"-\" \"HTTPie\"","service":"acquisitions-api"}
{"level":"info","message":"User registered successully: test@test.com","service":"acquisitions-api"}
{"level":"info","message":"::1 - - [29/Dec/2025:13:06:52 +0000] \"POST /api/auth/sign-up HTTP/1.1\" 201 97 \"-\" \"HTTPie\"","service":"acquisitions-api"}
{"level":"info","message":"User admin@test.com created successfully","service":"acquisitions-api"}
{"level":"error","message":"Signup error res.cookies is not a function","service":"acquisitions-api","stack":"TypeError: res.cookies is not a function\n    at Object.set (file:///C:/Users/humph/Documents/GitHub/acquistions/src/utils/cookies.js:10:9)\n    at signup (file:///C:/Users/humph/Documents/GitHub/acquistions/src/controllers/auth.controller.js:26:13)\n    at process.processTicksAndRejections (node:internal/process/task_queues:103:5)"}
{"level":"info","message":"::1 - - [29/Dec/2025:13:34:34 +0000] \"POST /api/auth/sign-up HTTP/1.1\" 500 496 \"-\" \"HTTPie\"","service":"acquisitions-api"}
{"level":"error","message":"Error creating user: Error: Failed query: insert into \"users\" (\"id\", \"name\", \"email\", \"password\", \"role\", \"created_at\", \"updated_at\") values (default, $1, $2, $3, $4, default, default) returning \"id\", \"name\", \"email\", \"role\", \"created_at\"\nparams: Admin,admin@test.com,$2b$10$3Ek8Z/F4G18hH4SRqoKUCe4eXTdRNhIahks8A3.mAjoiJysk7y/RC,admin","service":"acquisitions-api"}
{"cause":{"code":"23505","constraint":"users_email_unique","detail":"Key (email)=(admin@test.com) already exists.","file":"nbtinsert.c","line":"667","name":"NeonDbError","routine":"_bt_check_unique","schema":"public","severity":"ERROR","table":"users"},"level":"error","message":"Signup error Failed query: insert into \"users\" (\"id\", \"name\", \"email\", \"password\", \"role\", \"created_at\", \"updated_at\") values (default, $1, $2, $3, $4, default, default) returning \"id\", \"name\", \"email\", \"role\", \"created_at\"\nparams: Admin,admin@test.com,$2b$10$3Ek8Z/F4G18hH4SRqoKUCe4eXTdRNhIahks8A3.mAjoiJysk7y/RC,admin","params":["Admin","admin@test.com","$2b$10$3Ek8Z/F4G18hH4SRqoKUCe4eXTdRNhIahks8A3.mAjoiJysk7y/RC","admin"],"query":"insert into \"users\" (\"id\", \"name\", \"email\", \"password\", \"role\", \"created_at\", \"updated_at\") values (default, $1, $2, $3, $4, default, default) returning \"id\", \"name\", \"email\", \"role\", \"created_at\"","service":"acquisitions-api","stack":"Error: Failed query: insert into \"users\" (\"id\", \"name\", \"email\", \"password\", \"role\", \"created_at\", \"updated_at\") values (default, $1, $2, $3, $4, default, default) returning \"id\", \"name\", \"email\", \"role\", \"created_at\"\nparams: Admin,admin@test.com,$2b$10$3Ek8Z/F4G18hH4SRqoKUCe4eXTdRNhIahks8A3.mAjoiJysk7y/RC,admin\n    at NeonHttpPreparedQuery.queryWithCache (file:///C:/Users/humph/Documents/GitHub/acquistions/node_modules/drizzle-orm/pg-core/session.js:41:15)\n    at process.processTicksAndRejections (node:internal/process/task_queues:103:5)\n    at async NeonHttpPreparedQuery.execute (file:///C:/Users/humph/Documents/GitHub/acquistions/node_modules/drizzle-orm/neon-http/session.js:45:20)\n    at async createUser (file:///C:/Users/humph/Documents/GitHub/acquistions/src/services/auth.service.js:24:23)\n    at async signup (file:///C:/Users/humph/Documents/GitHub/acquistions/src/controllers/auth.controller.js:22:18)"}
{"level":"info","message":"::1 - - [29/Dec/2025:13:40:35 +0000] \"POST /api/auth/sign-up HTTP/1.1\" 500 1246 \"-\" \"HTTPie\"","service":"acquisitions-api"}
{"level":"info","message":"User admin@test.com created successfully","service":"acquisitions-api"}
{"level":"info","message":"User registered successully: admin@test.com","service":"acquisitions-api"}
{"level":"info","message":"::1 - - [29/Dec/2025:13:45:46 +0000] \"POST /api/auth/sign-up HTTP/1.1\" 201 100 \"-\" \"HTTPie\"","service":"acquisitions-api"}
{"level":"info","message":"User admin@test.com authenticated successfully","service":"acquisitions-api"}
{"level":"info","message":"User signed in successfully: admin@test.com","service":"acquisitions-api"}
{"level":"info","message":"::1 - - [29/Dec/2025:14:38:24 +0000] \"POST /api/auth/sign-in HTTP/1.1\" 200 112 \"-\" \"HTTPie\"","service":"acquisitions-api"}
{"level":"info","message":"User signed out successfully","service":"acquisitions-api"}
{"level":"info","message":"::1 - - [29/Dec/2025:14:38:52 +0000] \"POST /api/auth/sign-out HTTP/1.1\" 200 42 \"-\" \"HTTPie\"","service":"acquisitions-api"}
